running develop
Removing /home/truman/ws/f2m/install/f2m_Robot_Arm/lib/python3.10/site-packages/f2m-Robot-Arm.egg-link (link to .)
running egg_info
writing ../../build/f2m_Robot_Arm/f2m_Robot_Arm.egg-info/PKG-INFO
writing dependency_links to ../../build/f2m_Robot_Arm/f2m_Robot_Arm.egg-info/dependency_links.txt
writing entry points to ../../build/f2m_Robot_Arm/f2m_Robot_Arm.egg-info/entry_points.txt
writing requirements to ../../build/f2m_Robot_Arm/f2m_Robot_Arm.egg-info/requires.txt
writing top-level names to ../../build/f2m_Robot_Arm/f2m_Robot_Arm.egg-info/top_level.txt
reading manifest file '../../build/f2m_Robot_Arm/f2m_Robot_Arm.egg-info/SOURCES.txt'
writing manifest file '../../build/f2m_Robot_Arm/f2m_Robot_Arm.egg-info/SOURCES.txt'
running build
running build_py
copying f2m_Robot_Arm/robot_arm_controller_node.py -> /home/truman/ws/f2m/build/f2m_Robot_Arm/build/lib/f2m_Robot_Arm
copying f2m_Robot_Arm/__init__.py -> /home/truman/ws/f2m/build/f2m_Robot_Arm/build/lib/f2m_Robot_Arm
running install
running install_lib
creating /home/truman/ws/f2m/install/f2m_Robot_Arm/lib/python3.10/site-packages/f2m_Robot_Arm
copying /home/truman/ws/f2m/build/f2m_Robot_Arm/build/lib/f2m_Robot_Arm/robot_arm_controller_node.py -> /home/truman/ws/f2m/install/f2m_Robot_Arm/lib/python3.10/site-packages/f2m_Robot_Arm
copying /home/truman/ws/f2m/build/f2m_Robot_Arm/build/lib/f2m_Robot_Arm/__init__.py -> /home/truman/ws/f2m/install/f2m_Robot_Arm/lib/python3.10/site-packages/f2m_Robot_Arm
byte-compiling /home/truman/ws/f2m/install/f2m_Robot_Arm/lib/python3.10/site-packages/f2m_Robot_Arm/robot_arm_controller_node.py to robot_arm_controller_node.cpython-310.pyc
byte-compiling /home/truman/ws/f2m/install/f2m_Robot_Arm/lib/python3.10/site-packages/f2m_Robot_Arm/__init__.py to __init__.cpython-310.pyc
running install_data
copying resource/f2m_Robot_Arm -> /home/truman/ws/f2m/install/f2m_Robot_Arm/share/ament_index/resource_index/packages
copying package.xml -> /home/truman/ws/f2m/install/f2m_Robot_Arm/share/f2m_Robot_Arm
running install_egg_info
Copying ../../build/f2m_Robot_Arm/f2m_Robot_Arm.egg-info to /home/truman/ws/f2m/install/f2m_Robot_Arm/lib/python3.10/site-packages/f2m_Robot_Arm-0.0.0-py3.10.egg-info
running install_scripts
Installing delivery_robot_controller_node script to /home/truman/ws/f2m/install/f2m_Robot_Arm/lib/f2m_Robot_Arm
writing list of installed files to '/home/truman/ws/f2m/build/f2m_Robot_Arm/install.log'
