[1.653s] Invoking command in '/home/truman/ws/f2m/src/f2m_Delivery_Robot': PYTHONPATH=/home/truman/ws/f2m/build/f2m_Delivery_Robot/prefix_override:/usr/lib/python3/dist-packages/colcon_core/task/python/colcon_distutils_commands:/home/truman/ws/f2m/install/f2m_Delivery_Robot/lib/python3.10/site-packages:${PYTHONPATH} /usr/bin/python3 -W ignore:setup.py install is deprecated -W ignore:easy_install command is deprecated setup.py egg_info --egg-base ../../build/f2m_Delivery_Robot build --build-base /home/truman/ws/f2m/build/f2m_Delivery_Robot/build install --record /home/truman/ws/f2m/build/f2m_Delivery_Robot/install.log --single-version-externally-managed install_data
[1.789s] /home/truman/.local/lib/python3.10/site-packages/setuptools/_distutils/dist.py:261: UserWarning: Unknown distribution option: 'tests_require'
[1.789s]   warnings.warn(msg)
[1.917s] running egg_info
[1.939s] writing ../../build/f2m_Delivery_Robot/f2m_Delivery_Robot.egg-info/PKG-INFO
[1.939s] writing dependency_links to ../../build/f2m_Delivery_Robot/f2m_Delivery_Robot.egg-info/dependency_links.txt
[1.939s] writing entry points to ../../build/f2m_Delivery_Robot/f2m_Delivery_Robot.egg-info/entry_points.txt
[1.939s] writing requirements to ../../build/f2m_Delivery_Robot/f2m_Delivery_Robot.egg-info/requires.txt
[1.939s] writing top-level names to ../../build/f2m_Delivery_Robot/f2m_Delivery_Robot.egg-info/top_level.txt
[1.983s] reading manifest file '../../build/f2m_Delivery_Robot/f2m_Delivery_Robot.egg-info/SOURCES.txt'
[1.984s] writing manifest file '../../build/f2m_Delivery_Robot/f2m_Delivery_Robot.egg-info/SOURCES.txt'
[1.985s] running build
[1.985s] running build_py
[1.985s] copying f2m_Delivery_Robot/__init__.py -> /home/truman/ws/f2m/build/f2m_Delivery_Robot/build/lib/f2m_Delivery_Robot
[1.985s] copying f2m_Delivery_Robot/delivery_robot_controller_node.py -> /home/truman/ws/f2m/build/f2m_Delivery_Robot/build/lib/f2m_Delivery_Robot
[1.985s] running install
[1.989s] running install_lib
[2.011s] running install_data
[2.011s] copying resource/f2m_Delivery_Robot -> /home/truman/ws/f2m/install/f2m_Delivery_Robot/share/ament_index/resource_index/packages
[2.012s] copying package.xml -> /home/truman/ws/f2m/install/f2m_Delivery_Robot/share/f2m_Delivery_Robot
[2.012s] running install_egg_info
[2.035s] removing '/home/truman/ws/f2m/install/f2m_Delivery_Robot/lib/python3.10/site-packages/f2m_Delivery_Robot-0.0.0-py3.10.egg-info' (and everything under it)
[2.035s] Copying ../../build/f2m_Delivery_Robot/f2m_Delivery_Robot.egg-info to /home/truman/ws/f2m/install/f2m_Delivery_Robot/lib/python3.10/site-packages/f2m_Delivery_Robot-0.0.0-py3.10.egg-info
[2.035s] running install_scripts
[2.204s] Installing delivery_robot_controller_node script to /home/truman/ws/f2m/install/f2m_Delivery_Robot/lib/f2m_Delivery_Robot
[2.204s] writing list of installed files to '/home/truman/ws/f2m/build/f2m_Delivery_Robot/install.log'
[2.230s] Invoked command in '/home/truman/ws/f2m/src/f2m_Delivery_Robot' returned '0': PYTHONPATH=/home/truman/ws/f2m/build/f2m_Delivery_Robot/prefix_override:/usr/lib/python3/dist-packages/colcon_core/task/python/colcon_distutils_commands:/home/truman/ws/f2m/install/f2m_Delivery_Robot/lib/python3.10/site-packages:${PYTHONPATH} /usr/bin/python3 -W ignore:setup.py install is deprecated -W ignore:easy_install command is deprecated setup.py egg_info --egg-base ../../build/f2m_Delivery_Robot build --build-base /home/truman/ws/f2m/build/f2m_Delivery_Robot/build install --record /home/truman/ws/f2m/build/f2m_Delivery_Robot/install.log --single-version-externally-managed install_data
