[1.608s] Invoking command in '/home/truman/ws/f2m/build/f2m_Delivery_Robot': PS1=\[\e[1;34m\](ID: ${ROS_DOMAIN_ID:-0})\[\e[1;32m\]\u\[\e[0m\]:\[\e[1;34m\]\w\[\e[0m\]$ PYTHONPATH=/home/truman/ws/f2m/build/f2m_Delivery_Robot/prefix_override:/usr/lib/python3/dist-packages/colcon_core/task/python/colcon_distutils_commands:/home/truman/ws/f2m/install/f2m_Delivery_Robot/lib/python3.10/site-packages:${PYTHONPATH} /usr/bin/python3 -W ignore:setup.py install is deprecated -W ignore:easy_install command is deprecated setup.py develop --editable --build-directory /home/truman/ws/f2m/build/f2m_Delivery_Robot/build --no-deps symlink_data --force
[1.755s] /home/truman/.local/lib/python3.10/site-packages/setuptools/_distutils/dist.py:261: UserWarning: Unknown distribution option: 'tests_require'
[1.755s]   warnings.warn(msg)
[1.967s] running develop
[2.254s] running egg_info
[2.274s] writing f2m_Delivery_Robot.egg-info/PKG-INFO
[2.275s] writing dependency_links to f2m_Delivery_Robot.egg-info/dependency_links.txt
[2.275s] writing entry points to f2m_Delivery_Robot.egg-info/entry_points.txt
[2.275s] writing requirements to f2m_Delivery_Robot.egg-info/requires.txt
[2.275s] writing top-level names to f2m_Delivery_Robot.egg-info/top_level.txt
[2.327s] reading manifest file 'f2m_Delivery_Robot.egg-info/SOURCES.txt'
[2.328s] writing manifest file 'f2m_Delivery_Robot.egg-info/SOURCES.txt'
[2.350s] running build_ext
[2.351s] Creating /home/truman/ws/f2m/install/f2m_Delivery_Robot/lib/python3.10/site-packages/f2m-Delivery-Robot.egg-link (link to .)
[2.351s] Installing delivery_robot_controller_node script to /home/truman/ws/f2m/install/f2m_Delivery_Robot/lib/f2m_Delivery_Robot
[2.351s] 
[2.351s] Installed /home/truman/ws/f2m/build/f2m_Delivery_Robot
[2.352s] running symlink_data
[2.352s] symbolically linking /home/truman/ws/f2m/build/f2m_Delivery_Robot/resource/f2m_Delivery_Robot -> /home/truman/ws/f2m/install/f2m_Delivery_Robot/share/ament_index/resource_index/packages
[2.352s] symbolically linking /home/truman/ws/f2m/build/f2m_Delivery_Robot/package.xml -> /home/truman/ws/f2m/install/f2m_Delivery_Robot/share/f2m_Delivery_Robot
[2.393s] Invoked command in '/home/truman/ws/f2m/build/f2m_Delivery_Robot' returned '0': PS1=\[\e[1;34m\](ID: ${ROS_DOMAIN_ID:-0})\[\e[1;32m\]\u\[\e[0m\]:\[\e[1;34m\]\w\[\e[0m\]$ PYTHONPATH=/home/truman/ws/f2m/build/f2m_Delivery_Robot/prefix_override:/usr/lib/python3/dist-packages/colcon_core/task/python/colcon_distutils_commands:/home/truman/ws/f2m/install/f2m_Delivery_Robot/lib/python3.10/site-packages:${PYTHONPATH} /usr/bin/python3 -W ignore:setup.py install is deprecated -W ignore:easy_install command is deprecated setup.py develop --editable --build-directory /home/truman/ws/f2m/build/f2m_Delivery_Robot/build --no-deps symlink_data --force
