/home/truman/.local/lib/python3.10/site-packages/setuptools/_distutils/dist.py:261: UserWarning: Unknown distribution option: 'tests_require'
  warnings.warn(msg)
running develop
Removing /home/truman/ws/f2m/install/f2m_Delivery_Robot/lib/python3.10/site-packages/f2m-Delivery-Robot.egg-link (link to .)
/home/truman/.local/lib/python3.10/site-packages/setuptools/_distutils/dist.py:261: UserWarning: Unknown distribution option: 'tests_require'
  warnings.warn(msg)
running egg_info
writing ../../build/f2m_Delivery_Robot/f2m_Delivery_Robot.egg-info/PKG-INFO
writing dependency_links to ../../build/f2m_Delivery_Robot/f2m_Delivery_Robot.egg-info/dependency_links.txt
writing entry points to ../../build/f2m_Delivery_Robot/f2m_Delivery_Robot.egg-info/entry_points.txt
writing requirements to ../../build/f2m_Delivery_Robot/f2m_Delivery_Robot.egg-info/requires.txt
writing top-level names to ../../build/f2m_Delivery_Robot/f2m_Delivery_Robot.egg-info/top_level.txt
reading manifest file '../../build/f2m_Delivery_Robot/f2m_Delivery_Robot.egg-info/SOURCES.txt'
writing manifest file '../../build/f2m_Delivery_Robot/f2m_Delivery_Robot.egg-info/SOURCES.txt'
running build
running build_py
copying f2m_Delivery_Robot/__init__.py -> /home/truman/ws/f2m/build/f2m_Delivery_Robot/build/lib/f2m_Delivery_Robot
copying f2m_Delivery_Robot/delivery_robot_controller_node.py -> /home/truman/ws/f2m/build/f2m_Delivery_Robot/build/lib/f2m_Delivery_Robot
running install
running install_lib
creating /home/truman/ws/f2m/install/f2m_Delivery_Robot/lib/python3.10/site-packages/f2m_Delivery_Robot
copying /home/truman/ws/f2m/build/f2m_Delivery_Robot/build/lib/f2m_Delivery_Robot/__init__.py -> /home/truman/ws/f2m/install/f2m_Delivery_Robot/lib/python3.10/site-packages/f2m_Delivery_Robot
copying /home/truman/ws/f2m/build/f2m_Delivery_Robot/build/lib/f2m_Delivery_Robot/delivery_robot_controller_node.py -> /home/truman/ws/f2m/install/f2m_Delivery_Robot/lib/python3.10/site-packages/f2m_Delivery_Robot
byte-compiling /home/truman/ws/f2m/install/f2m_Delivery_Robot/lib/python3.10/site-packages/f2m_Delivery_Robot/__init__.py to __init__.cpython-310.pyc
byte-compiling /home/truman/ws/f2m/install/f2m_Delivery_Robot/lib/python3.10/site-packages/f2m_Delivery_Robot/delivery_robot_controller_node.py to delivery_robot_controller_node.cpython-310.pyc
running install_data
copying resource/f2m_Delivery_Robot -> /home/truman/ws/f2m/install/f2m_Delivery_Robot/share/ament_index/resource_index/packages
copying package.xml -> /home/truman/ws/f2m/install/f2m_Delivery_Robot/share/f2m_Delivery_Robot
running install_egg_info
Copying ../../build/f2m_Delivery_Robot/f2m_Delivery_Robot.egg-info to /home/truman/ws/f2m/install/f2m_Delivery_Robot/lib/python3.10/site-packages/f2m_Delivery_Robot-0.0.0-py3.10.egg-info
running install_scripts
Installing delivery_robot_controller_node script to /home/truman/ws/f2m/install/f2m_Delivery_Robot/lib/f2m_Delivery_Robot
writing list of installed files to '/home/truman/ws/f2m/build/f2m_Delivery_Robot/install.log'
