[1.565s] Invoking command in '/home/truman/ws/f2m/build/f2m_Delivery_Robot': PYTHONPATH=/home/truman/ws/f2m/build/f2m_Delivery_Robot/prefix_override:/usr/lib/python3/dist-packages/colcon_core/task/python/colcon_distutils_commands:/home/truman/ws/f2m/install/f2m_Delivery_Robot/lib/python3.10/site-packages:${PYTHONPATH} /usr/bin/python3 -W ignore:setup.py install is deprecated -W ignore:easy_install command is deprecated setup.py develop --uninstall --editable --build-directory /home/truman/ws/f2m/build/f2m_Delivery_Robot/build
[1.709s] /home/truman/.local/lib/python3.10/site-packages/setuptools/_distutils/dist.py:261: UserWarning: Unknown distribution option: 'tests_require'
[1.709s]   warnings.warn(msg)
[1.893s] running develop
[2.171s] Removing /home/truman/ws/f2m/install/f2m_Delivery_Robot/lib/python3.10/site-packages/f2m-Delivery-Robot.egg-link (link to .)
[2.199s] Invoked command in '/home/truman/ws/f2m/build/f2m_Delivery_Robot' returned '0': PYTHONPATH=/home/truman/ws/f2m/build/f2m_Delivery_Robot/prefix_override:/usr/lib/python3/dist-packages/colcon_core/task/python/colcon_distutils_commands:/home/truman/ws/f2m/install/f2m_Delivery_Robot/lib/python3.10/site-packages:${PYTHONPATH} /usr/bin/python3 -W ignore:setup.py install is deprecated -W ignore:easy_install command is deprecated setup.py develop --uninstall --editable --build-directory /home/truman/ws/f2m/build/f2m_Delivery_Robot/build
[2.201s] Invoking command in '/home/truman/ws/f2m/src/f2m_Delivery_Robot': PYTHONPATH=/home/truman/ws/f2m/build/f2m_Delivery_Robot/prefix_override:/usr/lib/python3/dist-packages/colcon_core/task/python/colcon_distutils_commands:/home/truman/ws/f2m/install/f2m_Delivery_Robot/lib/python3.10/site-packages:${PYTHONPATH} /usr/bin/python3 -W ignore:setup.py install is deprecated -W ignore:easy_install command is deprecated setup.py egg_info --egg-base ../../build/f2m_Delivery_Robot build --build-base /home/truman/ws/f2m/build/f2m_Delivery_Robot/build install --record /home/truman/ws/f2m/build/f2m_Delivery_Robot/install.log --single-version-externally-managed install_data --force
[2.347s] /home/truman/.local/lib/python3.10/site-packages/setuptools/_distutils/dist.py:261: UserWarning: Unknown distribution option: 'tests_require'
[2.347s]   warnings.warn(msg)
[2.472s] running egg_info
[2.492s] writing ../../build/f2m_Delivery_Robot/f2m_Delivery_Robot.egg-info/PKG-INFO
[2.492s] writing dependency_links to ../../build/f2m_Delivery_Robot/f2m_Delivery_Robot.egg-info/dependency_links.txt
[2.493s] writing entry points to ../../build/f2m_Delivery_Robot/f2m_Delivery_Robot.egg-info/entry_points.txt
[2.493s] writing requirements to ../../build/f2m_Delivery_Robot/f2m_Delivery_Robot.egg-info/requires.txt
[2.493s] writing top-level names to ../../build/f2m_Delivery_Robot/f2m_Delivery_Robot.egg-info/top_level.txt
[2.535s] reading manifest file '../../build/f2m_Delivery_Robot/f2m_Delivery_Robot.egg-info/SOURCES.txt'
[2.536s] writing manifest file '../../build/f2m_Delivery_Robot/f2m_Delivery_Robot.egg-info/SOURCES.txt'
[2.536s] running build
[2.536s] running build_py
[2.536s] copying f2m_Delivery_Robot/__init__.py -> /home/truman/ws/f2m/build/f2m_Delivery_Robot/build/lib/f2m_Delivery_Robot
[2.536s] copying f2m_Delivery_Robot/delivery_robot_controller_node.py -> /home/truman/ws/f2m/build/f2m_Delivery_Robot/build/lib/f2m_Delivery_Robot
[2.536s] running install
[2.541s] running install_lib
[2.561s] creating /home/truman/ws/f2m/install/f2m_Delivery_Robot/lib/python3.10/site-packages/f2m_Delivery_Robot
[2.561s] copying /home/truman/ws/f2m/build/f2m_Delivery_Robot/build/lib/f2m_Delivery_Robot/__init__.py -> /home/truman/ws/f2m/install/f2m_Delivery_Robot/lib/python3.10/site-packages/f2m_Delivery_Robot
[2.561s] copying /home/truman/ws/f2m/build/f2m_Delivery_Robot/build/lib/f2m_Delivery_Robot/delivery_robot_controller_node.py -> /home/truman/ws/f2m/install/f2m_Delivery_Robot/lib/python3.10/site-packages/f2m_Delivery_Robot
[2.562s] byte-compiling /home/truman/ws/f2m/install/f2m_Delivery_Robot/lib/python3.10/site-packages/f2m_Delivery_Robot/__init__.py to __init__.cpython-310.pyc
[2.562s] byte-compiling /home/truman/ws/f2m/install/f2m_Delivery_Robot/lib/python3.10/site-packages/f2m_Delivery_Robot/delivery_robot_controller_node.py to delivery_robot_controller_node.cpython-310.pyc
[2.562s] running install_data
[2.562s] copying resource/f2m_Delivery_Robot -> /home/truman/ws/f2m/install/f2m_Delivery_Robot/share/ament_index/resource_index/packages
[2.563s] copying package.xml -> /home/truman/ws/f2m/install/f2m_Delivery_Robot/share/f2m_Delivery_Robot
[2.563s] running install_egg_info
[2.584s] Copying ../../build/f2m_Delivery_Robot/f2m_Delivery_Robot.egg-info to /home/truman/ws/f2m/install/f2m_Delivery_Robot/lib/python3.10/site-packages/f2m_Delivery_Robot-0.0.0-py3.10.egg-info
[2.585s] running install_scripts
[2.744s] Installing delivery_robot_controller_node script to /home/truman/ws/f2m/install/f2m_Delivery_Robot/lib/f2m_Delivery_Robot
[2.744s] writing list of installed files to '/home/truman/ws/f2m/build/f2m_Delivery_Robot/install.log'
[2.767s] Invoked command in '/home/truman/ws/f2m/src/f2m_Delivery_Robot' returned '0': PYTHONPATH=/home/truman/ws/f2m/build/f2m_Delivery_Robot/prefix_override:/usr/lib/python3/dist-packages/colcon_core/task/python/colcon_distutils_commands:/home/truman/ws/f2m/install/f2m_Delivery_Robot/lib/python3.10/site-packages:${PYTHONPATH} /usr/bin/python3 -W ignore:setup.py install is deprecated -W ignore:easy_install command is deprecated setup.py egg_info --egg-base ../../build/f2m_Delivery_Robot build --build-base /home/truman/ws/f2m/build/f2m_Delivery_Robot/build install --record /home/truman/ws/f2m/build/f2m_Delivery_Robot/install.log --single-version-externally-managed install_data --force
